[2025-08-13 17:45:57] local.ERROR: Unclosed '{' on line 13 {"exception":"[object] (ParseError(code: 0): Unclosed '{' on line 13 at D:\\Alyson\\Alyson\\Estudo\\scaffold-laravel\\scaffold\\app\\Console\\Commands\\MakeCrudFromDdl.php:364)
[stacktrace]
#0 D:\\Alyson\\Alyson\\Estudo\\scaffold-laravel\\scaffold\\vendor\\composer\\ClassLoader.php(427): Composer\\Autoload\\{closure}('D:\\\\Alyson\\\\Alyso...')
#1 [internal function]: Composer\\Autoload\\ClassLoader->loadClass('App\\\\Console\\\\Com...')
#2 D:\\Alyson\\Alyson\\Estudo\\scaffold-laravel\\scaffold\\vendor\\laravel\\framework\\src\\Illuminate\\Foundation\\Console\\Kernel.php(372): is_subclass_of('App\\\\Console\\\\Com...', 'Illuminate\\\\Cons...')
#3 D:\\Alyson\\Alyson\\Estudo\\scaffold-laravel\\scaffold\\vendor\\laravel\\framework\\src\\Illuminate\\Foundation\\Console\\Kernel.php(497): Illuminate\\Foundation\\Console\\Kernel->load(Array)
#4 D:\\Alyson\\Alyson\\Estudo\\scaffold-laravel\\scaffold\\vendor\\laravel\\framework\\src\\Illuminate\\Foundation\\Console\\Kernel.php(482): Illuminate\\Foundation\\Console\\Kernel->discoverCommands()
#5 D:\\Alyson\\Alyson\\Estudo\\scaffold-laravel\\scaffold\\vendor\\laravel\\framework\\src\\Illuminate\\Foundation\\Console\\Kernel.php(195): Illuminate\\Foundation\\Console\\Kernel->bootstrap()
#6 D:\\Alyson\\Alyson\\Estudo\\scaffold-laravel\\scaffold\\vendor\\laravel\\framework\\src\\Illuminate\\Foundation\\Application.php(1234): Illuminate\\Foundation\\Console\\Kernel->handle(Object(Symfony\\Component\\Console\\Input\\ArgvInput), Object(Symfony\\Component\\Console\\Output\\ConsoleOutput))
#7 D:\\Alyson\\Alyson\\Estudo\\scaffold-laravel\\scaffold\\artisan(16): Illuminate\\Foundation\\Application->handleCommand(Object(Symfony\\Component\\Console\\Input\\ArgvInput))
#8 {main}
"} 
[2025-08-13 17:46:09] local.ERROR: Unclosed '{' on line 13 {"exception":"[object] (ParseError(code: 0): Unclosed '{' on line 13 at D:\\Alyson\\Alyson\\Estudo\\scaffold-laravel\\scaffold\\app\\Console\\Commands\\MakeCrudFromDdl.php:364)
[stacktrace]
#0 D:\\Alyson\\Alyson\\Estudo\\scaffold-laravel\\scaffold\\vendor\\composer\\ClassLoader.php(427): Composer\\Autoload\\{closure}('D:\\\\Alyson\\\\Alyso...')
#1 [internal function]: Composer\\Autoload\\ClassLoader->loadClass('App\\\\Console\\\\Com...')
#2 D:\\Alyson\\Alyson\\Estudo\\scaffold-laravel\\scaffold\\vendor\\laravel\\framework\\src\\Illuminate\\Foundation\\Console\\Kernel.php(372): is_subclass_of('App\\\\Console\\\\Com...', 'Illuminate\\\\Cons...')
#3 D:\\Alyson\\Alyson\\Estudo\\scaffold-laravel\\scaffold\\vendor\\laravel\\framework\\src\\Illuminate\\Foundation\\Console\\Kernel.php(497): Illuminate\\Foundation\\Console\\Kernel->load(Array)
#4 D:\\Alyson\\Alyson\\Estudo\\scaffold-laravel\\scaffold\\vendor\\laravel\\framework\\src\\Illuminate\\Foundation\\Console\\Kernel.php(482): Illuminate\\Foundation\\Console\\Kernel->discoverCommands()
#5 D:\\Alyson\\Alyson\\Estudo\\scaffold-laravel\\scaffold\\vendor\\laravel\\framework\\src\\Illuminate\\Foundation\\Console\\Kernel.php(195): Illuminate\\Foundation\\Console\\Kernel->bootstrap()
#6 D:\\Alyson\\Alyson\\Estudo\\scaffold-laravel\\scaffold\\vendor\\laravel\\framework\\src\\Illuminate\\Foundation\\Application.php(1234): Illuminate\\Foundation\\Console\\Kernel->handle(Object(Symfony\\Component\\Console\\Input\\ArgvInput), Object(Symfony\\Component\\Console\\Output\\ConsoleOutput))
#7 D:\\Alyson\\Alyson\\Estudo\\scaffold-laravel\\scaffold\\artisan(16): Illuminate\\Foundation\\Application->handleCommand(Object(Symfony\\Component\\Console\\Input\\ArgvInput))
#8 {main}
"} 
[2025-08-13 17:48:30] local.ERROR: The command defined in "App\Console\Commands\MakeCrudFromDdl" cannot have an empty name. {"exception":"[object] (Symfony\\Component\\Console\\Exception\\LogicException(code: 0): The command defined in \"App\\Console\\Commands\\MakeCrudFromDdl\" cannot have an empty name. at D:\\Alyson\\Alyson\\Estudo\\scaffold-laravel\\scaffold\\vendor\\symfony\\console\\Application.php:556)
[stacktrace]
#0 D:\\Alyson\\Alyson\\Estudo\\scaffold-laravel\\scaffold\\vendor\\laravel\\framework\\src\\Illuminate\\Console\\Application.php(250): Symfony\\Component\\Console\\Application->add(Object(App\\Console\\Commands\\MakeCrudFromDdl))
#1 D:\\Alyson\\Alyson\\Estudo\\scaffold-laravel\\scaffold\\vendor\\laravel\\framework\\src\\Illuminate\\Console\\Application.php(239): Illuminate\\Console\\Application->addToParent(Object(App\\Console\\Commands\\MakeCrudFromDdl))
#2 D:\\Alyson\\Alyson\\Estudo\\scaffold-laravel\\scaffold\\vendor\\laravel\\framework\\src\\Illuminate\\Console\\Application.php(279): Illuminate\\Console\\Application->add(Object(App\\Console\\Commands\\MakeCrudFromDdl))
#3 D:\\Alyson\\Alyson\\Estudo\\scaffold-laravel\\scaffold\\vendor\\laravel\\framework\\src\\Illuminate\\Foundation\\Console\\Kernel.php(375): Illuminate\\Console\\Application->resolve('App\\\\Console\\\\Com...')
#4 D:\\Alyson\\Alyson\\Estudo\\scaffold-laravel\\scaffold\\vendor\\laravel\\framework\\src\\Illuminate\\Console\\Application.php(133): Illuminate\\Foundation\\Console\\Kernel->Illuminate\\Foundation\\Console\\{closure}(Object(Illuminate\\Console\\Application))
#5 D:\\Alyson\\Alyson\\Estudo\\scaffold-laravel\\scaffold\\vendor\\laravel\\framework\\src\\Illuminate\\Console\\Application.php(80): Illuminate\\Console\\Application->bootstrap()
#6 D:\\Alyson\\Alyson\\Estudo\\scaffold-laravel\\scaffold\\vendor\\laravel\\framework\\src\\Illuminate\\Foundation\\Console\\Kernel.php(539): Illuminate\\Console\\Application->__construct(Object(Illuminate\\Foundation\\Application), Object(Illuminate\\Events\\Dispatcher), '12.23.1')
#7 D:\\Alyson\\Alyson\\Estudo\\scaffold-laravel\\scaffold\\vendor\\laravel\\framework\\src\\Illuminate\\Foundation\\Console\\Kernel.php(197): Illuminate\\Foundation\\Console\\Kernel->getArtisan()
#8 D:\\Alyson\\Alyson\\Estudo\\scaffold-laravel\\scaffold\\vendor\\laravel\\framework\\src\\Illuminate\\Foundation\\Application.php(1234): Illuminate\\Foundation\\Console\\Kernel->handle(Object(Symfony\\Component\\Console\\Input\\ArgvInput), Object(Symfony\\Component\\Console\\Output\\ConsoleOutput))
#9 D:\\Alyson\\Alyson\\Estudo\\scaffold-laravel\\scaffold\\artisan(16): Illuminate\\Foundation\\Application->handleCommand(Object(Symfony\\Component\\Console\\Input\\ArgvInput))
#10 {main}
"} 
[2025-08-13 17:50:19] local.ERROR: The command defined in "App\Console\Commands\MakeCrudFromDdl" cannot have an empty name. {"exception":"[object] (Symfony\\Component\\Console\\Exception\\LogicException(code: 0): The command defined in \"App\\Console\\Commands\\MakeCrudFromDdl\" cannot have an empty name. at D:\\Alyson\\Alyson\\Estudo\\scaffold-laravel\\scaffold\\vendor\\symfony\\console\\Application.php:556)
[stacktrace]
#0 D:\\Alyson\\Alyson\\Estudo\\scaffold-laravel\\scaffold\\vendor\\laravel\\framework\\src\\Illuminate\\Console\\Application.php(250): Symfony\\Component\\Console\\Application->add(Object(App\\Console\\Commands\\MakeCrudFromDdl))
#1 D:\\Alyson\\Alyson\\Estudo\\scaffold-laravel\\scaffold\\vendor\\laravel\\framework\\src\\Illuminate\\Console\\Application.php(239): Illuminate\\Console\\Application->addToParent(Object(App\\Console\\Commands\\MakeCrudFromDdl))
#2 D:\\Alyson\\Alyson\\Estudo\\scaffold-laravel\\scaffold\\vendor\\laravel\\framework\\src\\Illuminate\\Console\\Application.php(279): Illuminate\\Console\\Application->add(Object(App\\Console\\Commands\\MakeCrudFromDdl))
#3 D:\\Alyson\\Alyson\\Estudo\\scaffold-laravel\\scaffold\\vendor\\laravel\\framework\\src\\Illuminate\\Foundation\\Console\\Kernel.php(375): Illuminate\\Console\\Application->resolve('App\\\\Console\\\\Com...')
#4 D:\\Alyson\\Alyson\\Estudo\\scaffold-laravel\\scaffold\\vendor\\laravel\\framework\\src\\Illuminate\\Console\\Application.php(133): Illuminate\\Foundation\\Console\\Kernel->Illuminate\\Foundation\\Console\\{closure}(Object(Illuminate\\Console\\Application))
#5 D:\\Alyson\\Alyson\\Estudo\\scaffold-laravel\\scaffold\\vendor\\laravel\\framework\\src\\Illuminate\\Console\\Application.php(80): Illuminate\\Console\\Application->bootstrap()
#6 D:\\Alyson\\Alyson\\Estudo\\scaffold-laravel\\scaffold\\vendor\\laravel\\framework\\src\\Illuminate\\Foundation\\Console\\Kernel.php(539): Illuminate\\Console\\Application->__construct(Object(Illuminate\\Foundation\\Application), Object(Illuminate\\Events\\Dispatcher), '12.23.1')
#7 D:\\Alyson\\Alyson\\Estudo\\scaffold-laravel\\scaffold\\vendor\\laravel\\framework\\src\\Illuminate\\Foundation\\Console\\Kernel.php(197): Illuminate\\Foundation\\Console\\Kernel->getArtisan()
#8 D:\\Alyson\\Alyson\\Estudo\\scaffold-laravel\\scaffold\\vendor\\laravel\\framework\\src\\Illuminate\\Foundation\\Application.php(1234): Illuminate\\Foundation\\Console\\Kernel->handle(Object(Symfony\\Component\\Console\\Input\\ArgvInput), Object(Symfony\\Component\\Console\\Output\\ConsoleOutput))
#9 D:\\Alyson\\Alyson\\Estudo\\scaffold-laravel\\scaffold\\artisan(16): Illuminate\\Foundation\\Application->handleCommand(Object(Symfony\\Component\\Console\\Input\\ArgvInput))
#10 {main}
"} 
[2025-08-13 18:51:12] local.ERROR: No arguments expected for "make:crud-from-ddl" command, got "Checklist". {"exception":"[object] (Symfony\\Component\\Console\\Exception\\RuntimeException(code: 0): No arguments expected for \"make:crud-from-ddl\" command, got \"Checklist\". at D:\\Alyson\\Alyson\\Estudo\\scaffold-laravel\\scaffold\\vendor\\symfony\\console\\Input\\ArgvInput.php:199)
[stacktrace]
#0 D:\\Alyson\\Alyson\\Estudo\\scaffold-laravel\\scaffold\\vendor\\symfony\\console\\Input\\ArgvInput.php(92): Symfony\\Component\\Console\\Input\\ArgvInput->parseArgument('Checklist')
#1 D:\\Alyson\\Alyson\\Estudo\\scaffold-laravel\\scaffold\\vendor\\symfony\\console\\Input\\ArgvInput.php(77): Symfony\\Component\\Console\\Input\\ArgvInput->parseToken('Checklist', true)
#2 D:\\Alyson\\Alyson\\Estudo\\scaffold-laravel\\scaffold\\vendor\\symfony\\console\\Input\\Input.php(53): Symfony\\Component\\Console\\Input\\ArgvInput->parse()
#3 D:\\Alyson\\Alyson\\Estudo\\scaffold-laravel\\scaffold\\vendor\\symfony\\console\\Command\\Command.php(276): Symfony\\Component\\Console\\Input\\Input->bind(Object(Symfony\\Component\\Console\\Input\\InputDefinition))
#4 D:\\Alyson\\Alyson\\Estudo\\scaffold-laravel\\scaffold\\vendor\\laravel\\framework\\src\\Illuminate\\Console\\Command.php(180): Symfony\\Component\\Console\\Command\\Command->run(Object(Symfony\\Component\\Console\\Input\\ArgvInput), Object(Illuminate\\Console\\OutputStyle))
#5 D:\\Alyson\\Alyson\\Estudo\\scaffold-laravel\\scaffold\\vendor\\symfony\\console\\Application.php(1092): Illuminate\\Console\\Command->run(Object(Symfony\\Component\\Console\\Input\\ArgvInput), Object(Symfony\\Component\\Console\\Output\\ConsoleOutput))
#6 D:\\Alyson\\Alyson\\Estudo\\scaffold-laravel\\scaffold\\vendor\\symfony\\console\\Application.php(341): Symfony\\Component\\Console\\Application->doRunCommand(Object(App\\Console\\Commands\\MakeCrudFromDdl), Object(Symfony\\Component\\Console\\Input\\ArgvInput), Object(Symfony\\Component\\Console\\Output\\ConsoleOutput))
#7 D:\\Alyson\\Alyson\\Estudo\\scaffold-laravel\\scaffold\\vendor\\symfony\\console\\Application.php(192): Symfony\\Component\\Console\\Application->doRun(Object(Symfony\\Component\\Console\\Input\\ArgvInput), Object(Symfony\\Component\\Console\\Output\\ConsoleOutput))
#8 D:\\Alyson\\Alyson\\Estudo\\scaffold-laravel\\scaffold\\vendor\\laravel\\framework\\src\\Illuminate\\Foundation\\Console\\Kernel.php(197): Symfony\\Component\\Console\\Application->run(Object(Symfony\\Component\\Console\\Input\\ArgvInput), Object(Symfony\\Component\\Console\\Output\\ConsoleOutput))
#9 D:\\Alyson\\Alyson\\Estudo\\scaffold-laravel\\scaffold\\vendor\\laravel\\framework\\src\\Illuminate\\Foundation\\Application.php(1234): Illuminate\\Foundation\\Console\\Kernel->handle(Object(Symfony\\Component\\Console\\Input\\ArgvInput), Object(Symfony\\Component\\Console\\Output\\ConsoleOutput))
#10 D:\\Alyson\\Alyson\\Estudo\\scaffold-laravel\\scaffold\\artisan(16): Illuminate\\Foundation\\Application->handleCommand(Object(Symfony\\Component\\Console\\Input\\ArgvInput))
#11 {main}
"} 
[2025-08-13 18:51:40] local.ERROR: No arguments expected for "make:crud-from-ddl" command, got "Checklist". {"exception":"[object] (Symfony\\Component\\Console\\Exception\\RuntimeException(code: 0): No arguments expected for \"make:crud-from-ddl\" command, got \"Checklist\". at D:\\Alyson\\Alyson\\Estudo\\scaffold-laravel\\scaffold\\vendor\\symfony\\console\\Input\\ArgvInput.php:199)
[stacktrace]
#0 D:\\Alyson\\Alyson\\Estudo\\scaffold-laravel\\scaffold\\vendor\\symfony\\console\\Input\\ArgvInput.php(92): Symfony\\Component\\Console\\Input\\ArgvInput->parseArgument('Checklist')
#1 D:\\Alyson\\Alyson\\Estudo\\scaffold-laravel\\scaffold\\vendor\\symfony\\console\\Input\\ArgvInput.php(77): Symfony\\Component\\Console\\Input\\ArgvInput->parseToken('Checklist', true)
#2 D:\\Alyson\\Alyson\\Estudo\\scaffold-laravel\\scaffold\\vendor\\symfony\\console\\Input\\Input.php(53): Symfony\\Component\\Console\\Input\\ArgvInput->parse()
#3 D:\\Alyson\\Alyson\\Estudo\\scaffold-laravel\\scaffold\\vendor\\symfony\\console\\Command\\Command.php(276): Symfony\\Component\\Console\\Input\\Input->bind(Object(Symfony\\Component\\Console\\Input\\InputDefinition))
#4 D:\\Alyson\\Alyson\\Estudo\\scaffold-laravel\\scaffold\\vendor\\laravel\\framework\\src\\Illuminate\\Console\\Command.php(180): Symfony\\Component\\Console\\Command\\Command->run(Object(Symfony\\Component\\Console\\Input\\ArgvInput), Object(Illuminate\\Console\\OutputStyle))
#5 D:\\Alyson\\Alyson\\Estudo\\scaffold-laravel\\scaffold\\vendor\\symfony\\console\\Application.php(1092): Illuminate\\Console\\Command->run(Object(Symfony\\Component\\Console\\Input\\ArgvInput), Object(Symfony\\Component\\Console\\Output\\ConsoleOutput))
#6 D:\\Alyson\\Alyson\\Estudo\\scaffold-laravel\\scaffold\\vendor\\symfony\\console\\Application.php(341): Symfony\\Component\\Console\\Application->doRunCommand(Object(App\\Console\\Commands\\MakeCrudFromDdl), Object(Symfony\\Component\\Console\\Input\\ArgvInput), Object(Symfony\\Component\\Console\\Output\\ConsoleOutput))
#7 D:\\Alyson\\Alyson\\Estudo\\scaffold-laravel\\scaffold\\vendor\\symfony\\console\\Application.php(192): Symfony\\Component\\Console\\Application->doRun(Object(Symfony\\Component\\Console\\Input\\ArgvInput), Object(Symfony\\Component\\Console\\Output\\ConsoleOutput))
#8 D:\\Alyson\\Alyson\\Estudo\\scaffold-laravel\\scaffold\\vendor\\laravel\\framework\\src\\Illuminate\\Foundation\\Console\\Kernel.php(197): Symfony\\Component\\Console\\Application->run(Object(Symfony\\Component\\Console\\Input\\ArgvInput), Object(Symfony\\Component\\Console\\Output\\ConsoleOutput))
#9 D:\\Alyson\\Alyson\\Estudo\\scaffold-laravel\\scaffold\\vendor\\laravel\\framework\\src\\Illuminate\\Foundation\\Application.php(1234): Illuminate\\Foundation\\Console\\Kernel->handle(Object(Symfony\\Component\\Console\\Input\\ArgvInput), Object(Symfony\\Component\\Console\\Output\\ConsoleOutput))
#10 D:\\Alyson\\Alyson\\Estudo\\scaffold-laravel\\scaffold\\artisan(16): Illuminate\\Foundation\\Application->handleCommand(Object(Symfony\\Component\\Console\\Input\\ArgvInput))
#11 {main}
"} 
[2025-08-13 19:46:53] local.ERROR: SQLSTATE[HY000]: General error: 1 near "SCHEMA": syntax error (Connection: sqlite, SQL: CREATE SCHEMA IF NOT EXISTS checklist) {"exception":"[object] (Illuminate\\Database\\QueryException(code: HY000): SQLSTATE[HY000]: General error: 1 near \"SCHEMA\": syntax error (Connection: sqlite, SQL: CREATE SCHEMA IF NOT EXISTS checklist) at D:\\Alyson\\Alyson\\Estudo\\scaffold-laravel\\scaffold\\vendor\\laravel\\framework\\src\\Illuminate\\Database\\Connection.php:824)
[stacktrace]
#0 D:\\Alyson\\Alyson\\Estudo\\scaffold-laravel\\scaffold\\vendor\\laravel\\framework\\src\\Illuminate\\Database\\Connection.php(778): Illuminate\\Database\\Connection->runQueryCallback('CREATE SCHEMA I...', Array, Object(Closure))
#1 D:\\Alyson\\Alyson\\Estudo\\scaffold-laravel\\scaffold\\vendor\\laravel\\framework\\src\\Illuminate\\Database\\Connection.php(559): Illuminate\\Database\\Connection->run('CREATE SCHEMA I...', Array, Object(Closure))
#2 D:\\Alyson\\Alyson\\Estudo\\scaffold-laravel\\scaffold\\vendor\\laravel\\framework\\src\\Illuminate\\Database\\DatabaseManager.php(497): Illuminate\\Database\\Connection->statement('CREATE SCHEMA I...')
#3 D:\\Alyson\\Alyson\\Estudo\\scaffold-laravel\\scaffold\\vendor\\laravel\\framework\\src\\Illuminate\\Support\\Facades\\Facade.php(363): Illuminate\\Database\\DatabaseManager->__call('statement', Array)
#4 D:\\Alyson\\Alyson\\Estudo\\scaffold-laravel\\scaffold\\database\\migrations\\2025_08_13_194628_create_checklist_photo_annotations_table.php(11): Illuminate\\Support\\Facades\\Facade::__callStatic('statement', Array)
#5 D:\\Alyson\\Alyson\\Estudo\\scaffold-laravel\\scaffold\\vendor\\laravel\\framework\\src\\Illuminate\\Database\\Migrations\\Migrator.php(514): Illuminate\\Database\\Migrations\\Migration@anonymous->up()
#6 D:\\Alyson\\Alyson\\Estudo\\scaffold-laravel\\scaffold\\vendor\\laravel\\framework\\src\\Illuminate\\Database\\Migrations\\Migrator.php(439): Illuminate\\Database\\Migrations\\Migrator->runMethod(Object(Illuminate\\Database\\SQLiteConnection), Object(Illuminate\\Database\\Migrations\\Migration@anonymous), 'up')
#7 D:\\Alyson\\Alyson\\Estudo\\scaffold-laravel\\scaffold\\vendor\\laravel\\framework\\src\\Illuminate\\Database\\Migrations\\Migrator.php(448): Illuminate\\Database\\Migrations\\Migrator->Illuminate\\Database\\Migrations\\{closure}()
#8 D:\\Alyson\\Alyson\\Estudo\\scaffold-laravel\\scaffold\\vendor\\laravel\\framework\\src\\Illuminate\\Database\\Migrations\\Migrator.php(250): Illuminate\\Database\\Migrations\\Migrator->runMigration(Object(Illuminate\\Database\\Migrations\\Migration@anonymous), 'up')
#9 D:\\Alyson\\Alyson\\Estudo\\scaffold-laravel\\scaffold\\vendor\\laravel\\framework\\src\\Illuminate\\Console\\View\\Components\\Task.php(41): Illuminate\\Database\\Migrations\\Migrator->Illuminate\\Database\\Migrations\\{closure}()
#10 D:\\Alyson\\Alyson\\Estudo\\scaffold-laravel\\scaffold\\vendor\\laravel\\framework\\src\\Illuminate\\Database\\Migrations\\Migrator.php(809): Illuminate\\Console\\View\\Components\\Task->render('2025_08_13_1946...', Object(Closure))
#11 D:\\Alyson\\Alyson\\Estudo\\scaffold-laravel\\scaffold\\vendor\\laravel\\framework\\src\\Illuminate\\Database\\Migrations\\Migrator.php(250): Illuminate\\Database\\Migrations\\Migrator->write('Illuminate\\\\Cons...', '2025_08_13_1946...', Object(Closure))
#12 D:\\Alyson\\Alyson\\Estudo\\scaffold-laravel\\scaffold\\vendor\\laravel\\framework\\src\\Illuminate\\Database\\Migrations\\Migrator.php(210): Illuminate\\Database\\Migrations\\Migrator->runUp('D:\\\\Alyson\\\\Alyso...', 2, false)
#13 D:\\Alyson\\Alyson\\Estudo\\scaffold-laravel\\scaffold\\vendor\\laravel\\framework\\src\\Illuminate\\Database\\Migrations\\Migrator.php(137): Illuminate\\Database\\Migrations\\Migrator->runPending(Array, Array)
#14 D:\\Alyson\\Alyson\\Estudo\\scaffold-laravel\\scaffold\\vendor\\laravel\\framework\\src\\Illuminate\\Database\\Console\\Migrations\\MigrateCommand.php(116): Illuminate\\Database\\Migrations\\Migrator->run(Array, Array)
#15 D:\\Alyson\\Alyson\\Estudo\\scaffold-laravel\\scaffold\\vendor\\laravel\\framework\\src\\Illuminate\\Database\\Migrations\\Migrator.php(666): Illuminate\\Database\\Console\\Migrations\\MigrateCommand->Illuminate\\Database\\Console\\Migrations\\{closure}()
#16 D:\\Alyson\\Alyson\\Estudo\\scaffold-laravel\\scaffold\\vendor\\laravel\\framework\\src\\Illuminate\\Database\\Console\\Migrations\\MigrateCommand.php(109): Illuminate\\Database\\Migrations\\Migrator->usingConnection(NULL, Object(Closure))
#17 D:\\Alyson\\Alyson\\Estudo\\scaffold-laravel\\scaffold\\vendor\\laravel\\framework\\src\\Illuminate\\Database\\Console\\Migrations\\MigrateCommand.php(88): Illuminate\\Database\\Console\\Migrations\\MigrateCommand->runMigrations()
#18 D:\\Alyson\\Alyson\\Estudo\\scaffold-laravel\\scaffold\\vendor\\laravel\\framework\\src\\Illuminate\\Container\\BoundMethod.php(36): Illuminate\\Database\\Console\\Migrations\\MigrateCommand->handle()
#19 D:\\Alyson\\Alyson\\Estudo\\scaffold-laravel\\scaffold\\vendor\\laravel\\framework\\src\\Illuminate\\Container\\Util.php(43): Illuminate\\Container\\BoundMethod::Illuminate\\Container\\{closure}()
#20 D:\\Alyson\\Alyson\\Estudo\\scaffold-laravel\\scaffold\\vendor\\laravel\\framework\\src\\Illuminate\\Container\\BoundMethod.php(96): Illuminate\\Container\\Util::unwrapIfClosure(Object(Closure))
#21 D:\\Alyson\\Alyson\\Estudo\\scaffold-laravel\\scaffold\\vendor\\laravel\\framework\\src\\Illuminate\\Container\\BoundMethod.php(35): Illuminate\\Container\\BoundMethod::callBoundMethod(Object(Illuminate\\Foundation\\Application), Array, Object(Closure))
#22 D:\\Alyson\\Alyson\\Estudo\\scaffold-laravel\\scaffold\\vendor\\laravel\\framework\\src\\Illuminate\\Container\\Container.php(812): Illuminate\\Container\\BoundMethod::call(Object(Illuminate\\Foundation\\Application), Array, Array, NULL)
#23 D:\\Alyson\\Alyson\\Estudo\\scaffold-laravel\\scaffold\\vendor\\laravel\\framework\\src\\Illuminate\\Console\\Command.php(211): Illuminate\\Container\\Container->call(Array)
#24 D:\\Alyson\\Alyson\\Estudo\\scaffold-laravel\\scaffold\\vendor\\symfony\\console\\Command\\Command.php(318): Illuminate\\Console\\Command->execute(Object(Symfony\\Component\\Console\\Input\\ArgvInput), Object(Illuminate\\Console\\OutputStyle))
#25 D:\\Alyson\\Alyson\\Estudo\\scaffold-laravel\\scaffold\\vendor\\laravel\\framework\\src\\Illuminate\\Console\\Command.php(180): Symfony\\Component\\Console\\Command\\Command->run(Object(Symfony\\Component\\Console\\Input\\ArgvInput), Object(Illuminate\\Console\\OutputStyle))
#26 D:\\Alyson\\Alyson\\Estudo\\scaffold-laravel\\scaffold\\vendor\\symfony\\console\\Application.php(1092): Illuminate\\Console\\Command->run(Object(Symfony\\Component\\Console\\Input\\ArgvInput), Object(Symfony\\Component\\Console\\Output\\ConsoleOutput))
#27 D:\\Alyson\\Alyson\\Estudo\\scaffold-laravel\\scaffold\\vendor\\symfony\\console\\Application.php(341): Symfony\\Component\\Console\\Application->doRunCommand(Object(Illuminate\\Database\\Console\\Migrations\\MigrateCommand), Object(Symfony\\Component\\Console\\Input\\ArgvInput), Object(Symfony\\Component\\Console\\Output\\ConsoleOutput))
#28 D:\\Alyson\\Alyson\\Estudo\\scaffold-laravel\\scaffold\\vendor\\symfony\\console\\Application.php(192): Symfony\\Component\\Console\\Application->doRun(Object(Symfony\\Component\\Console\\Input\\ArgvInput), Object(Symfony\\Component\\Console\\Output\\ConsoleOutput))
#29 D:\\Alyson\\Alyson\\Estudo\\scaffold-laravel\\scaffold\\vendor\\laravel\\framework\\src\\Illuminate\\Foundation\\Console\\Kernel.php(197): Symfony\\Component\\Console\\Application->run(Object(Symfony\\Component\\Console\\Input\\ArgvInput), Object(Symfony\\Component\\Console\\Output\\ConsoleOutput))
#30 D:\\Alyson\\Alyson\\Estudo\\scaffold-laravel\\scaffold\\vendor\\laravel\\framework\\src\\Illuminate\\Foundation\\Application.php(1234): Illuminate\\Foundation\\Console\\Kernel->handle(Object(Symfony\\Component\\Console\\Input\\ArgvInput), Object(Symfony\\Component\\Console\\Output\\ConsoleOutput))
#31 D:\\Alyson\\Alyson\\Estudo\\scaffold-laravel\\scaffold\\artisan(16): Illuminate\\Foundation\\Application->handleCommand(Object(Symfony\\Component\\Console\\Input\\ArgvInput))
#32 {main}

[previous exception] [object] (PDOException(code: HY000): SQLSTATE[HY000]: General error: 1 near \"SCHEMA\": syntax error at D:\\Alyson\\Alyson\\Estudo\\scaffold-laravel\\scaffold\\vendor\\laravel\\framework\\src\\Illuminate\\Database\\Connection.php:564)
[stacktrace]
#0 D:\\Alyson\\Alyson\\Estudo\\scaffold-laravel\\scaffold\\vendor\\laravel\\framework\\src\\Illuminate\\Database\\Connection.php(564): PDO->prepare('CREATE SCHEMA I...')
#1 D:\\Alyson\\Alyson\\Estudo\\scaffold-laravel\\scaffold\\vendor\\laravel\\framework\\src\\Illuminate\\Database\\Connection.php(811): Illuminate\\Database\\Connection->Illuminate\\Database\\{closure}('CREATE SCHEMA I...', Array)
#2 D:\\Alyson\\Alyson\\Estudo\\scaffold-laravel\\scaffold\\vendor\\laravel\\framework\\src\\Illuminate\\Database\\Connection.php(778): Illuminate\\Database\\Connection->runQueryCallback('CREATE SCHEMA I...', Array, Object(Closure))
#3 D:\\Alyson\\Alyson\\Estudo\\scaffold-laravel\\scaffold\\vendor\\laravel\\framework\\src\\Illuminate\\Database\\Connection.php(559): Illuminate\\Database\\Connection->run('CREATE SCHEMA I...', Array, Object(Closure))
#4 D:\\Alyson\\Alyson\\Estudo\\scaffold-laravel\\scaffold\\vendor\\laravel\\framework\\src\\Illuminate\\Database\\DatabaseManager.php(497): Illuminate\\Database\\Connection->statement('CREATE SCHEMA I...')
#5 D:\\Alyson\\Alyson\\Estudo\\scaffold-laravel\\scaffold\\vendor\\laravel\\framework\\src\\Illuminate\\Support\\Facades\\Facade.php(363): Illuminate\\Database\\DatabaseManager->__call('statement', Array)
#6 D:\\Alyson\\Alyson\\Estudo\\scaffold-laravel\\scaffold\\database\\migrations\\2025_08_13_194628_create_checklist_photo_annotations_table.php(11): Illuminate\\Support\\Facades\\Facade::__callStatic('statement', Array)
#7 D:\\Alyson\\Alyson\\Estudo\\scaffold-laravel\\scaffold\\vendor\\laravel\\framework\\src\\Illuminate\\Database\\Migrations\\Migrator.php(514): Illuminate\\Database\\Migrations\\Migration@anonymous->up()
#8 D:\\Alyson\\Alyson\\Estudo\\scaffold-laravel\\scaffold\\vendor\\laravel\\framework\\src\\Illuminate\\Database\\Migrations\\Migrator.php(439): Illuminate\\Database\\Migrations\\Migrator->runMethod(Object(Illuminate\\Database\\SQLiteConnection), Object(Illuminate\\Database\\Migrations\\Migration@anonymous), 'up')
#9 D:\\Alyson\\Alyson\\Estudo\\scaffold-laravel\\scaffold\\vendor\\laravel\\framework\\src\\Illuminate\\Database\\Migrations\\Migrator.php(448): Illuminate\\Database\\Migrations\\Migrator->Illuminate\\Database\\Migrations\\{closure}()
#10 D:\\Alyson\\Alyson\\Estudo\\scaffold-laravel\\scaffold\\vendor\\laravel\\framework\\src\\Illuminate\\Database\\Migrations\\Migrator.php(250): Illuminate\\Database\\Migrations\\Migrator->runMigration(Object(Illuminate\\Database\\Migrations\\Migration@anonymous), 'up')
#11 D:\\Alyson\\Alyson\\Estudo\\scaffold-laravel\\scaffold\\vendor\\laravel\\framework\\src\\Illuminate\\Console\\View\\Components\\Task.php(41): Illuminate\\Database\\Migrations\\Migrator->Illuminate\\Database\\Migrations\\{closure}()
#12 D:\\Alyson\\Alyson\\Estudo\\scaffold-laravel\\scaffold\\vendor\\laravel\\framework\\src\\Illuminate\\Database\\Migrations\\Migrator.php(809): Illuminate\\Console\\View\\Components\\Task->render('2025_08_13_1946...', Object(Closure))
#13 D:\\Alyson\\Alyson\\Estudo\\scaffold-laravel\\scaffold\\vendor\\laravel\\framework\\src\\Illuminate\\Database\\Migrations\\Migrator.php(250): Illuminate\\Database\\Migrations\\Migrator->write('Illuminate\\\\Cons...', '2025_08_13_1946...', Object(Closure))
#14 D:\\Alyson\\Alyson\\Estudo\\scaffold-laravel\\scaffold\\vendor\\laravel\\framework\\src\\Illuminate\\Database\\Migrations\\Migrator.php(210): Illuminate\\Database\\Migrations\\Migrator->runUp('D:\\\\Alyson\\\\Alyso...', 2, false)
#15 D:\\Alyson\\Alyson\\Estudo\\scaffold-laravel\\scaffold\\vendor\\laravel\\framework\\src\\Illuminate\\Database\\Migrations\\Migrator.php(137): Illuminate\\Database\\Migrations\\Migrator->runPending(Array, Array)
#16 D:\\Alyson\\Alyson\\Estudo\\scaffold-laravel\\scaffold\\vendor\\laravel\\framework\\src\\Illuminate\\Database\\Console\\Migrations\\MigrateCommand.php(116): Illuminate\\Database\\Migrations\\Migrator->run(Array, Array)
#17 D:\\Alyson\\Alyson\\Estudo\\scaffold-laravel\\scaffold\\vendor\\laravel\\framework\\src\\Illuminate\\Database\\Migrations\\Migrator.php(666): Illuminate\\Database\\Console\\Migrations\\MigrateCommand->Illuminate\\Database\\Console\\Migrations\\{closure}()
#18 D:\\Alyson\\Alyson\\Estudo\\scaffold-laravel\\scaffold\\vendor\\laravel\\framework\\src\\Illuminate\\Database\\Console\\Migrations\\MigrateCommand.php(109): Illuminate\\Database\\Migrations\\Migrator->usingConnection(NULL, Object(Closure))
#19 D:\\Alyson\\Alyson\\Estudo\\scaffold-laravel\\scaffold\\vendor\\laravel\\framework\\src\\Illuminate\\Database\\Console\\Migrations\\MigrateCommand.php(88): Illuminate\\Database\\Console\\Migrations\\MigrateCommand->runMigrations()
#20 D:\\Alyson\\Alyson\\Estudo\\scaffold-laravel\\scaffold\\vendor\\laravel\\framework\\src\\Illuminate\\Container\\BoundMethod.php(36): Illuminate\\Database\\Console\\Migrations\\MigrateCommand->handle()
#21 D:\\Alyson\\Alyson\\Estudo\\scaffold-laravel\\scaffold\\vendor\\laravel\\framework\\src\\Illuminate\\Container\\Util.php(43): Illuminate\\Container\\BoundMethod::Illuminate\\Container\\{closure}()
#22 D:\\Alyson\\Alyson\\Estudo\\scaffold-laravel\\scaffold\\vendor\\laravel\\framework\\src\\Illuminate\\Container\\BoundMethod.php(96): Illuminate\\Container\\Util::unwrapIfClosure(Object(Closure))
#23 D:\\Alyson\\Alyson\\Estudo\\scaffold-laravel\\scaffold\\vendor\\laravel\\framework\\src\\Illuminate\\Container\\BoundMethod.php(35): Illuminate\\Container\\BoundMethod::callBoundMethod(Object(Illuminate\\Foundation\\Application), Array, Object(Closure))
#24 D:\\Alyson\\Alyson\\Estudo\\scaffold-laravel\\scaffold\\vendor\\laravel\\framework\\src\\Illuminate\\Container\\Container.php(812): Illuminate\\Container\\BoundMethod::call(Object(Illuminate\\Foundation\\Application), Array, Array, NULL)
#25 D:\\Alyson\\Alyson\\Estudo\\scaffold-laravel\\scaffold\\vendor\\laravel\\framework\\src\\Illuminate\\Console\\Command.php(211): Illuminate\\Container\\Container->call(Array)
#26 D:\\Alyson\\Alyson\\Estudo\\scaffold-laravel\\scaffold\\vendor\\symfony\\console\\Command\\Command.php(318): Illuminate\\Console\\Command->execute(Object(Symfony\\Component\\Console\\Input\\ArgvInput), Object(Illuminate\\Console\\OutputStyle))
#27 D:\\Alyson\\Alyson\\Estudo\\scaffold-laravel\\scaffold\\vendor\\laravel\\framework\\src\\Illuminate\\Console\\Command.php(180): Symfony\\Component\\Console\\Command\\Command->run(Object(Symfony\\Component\\Console\\Input\\ArgvInput), Object(Illuminate\\Console\\OutputStyle))
#28 D:\\Alyson\\Alyson\\Estudo\\scaffold-laravel\\scaffold\\vendor\\symfony\\console\\Application.php(1092): Illuminate\\Console\\Command->run(Object(Symfony\\Component\\Console\\Input\\ArgvInput), Object(Symfony\\Component\\Console\\Output\\ConsoleOutput))
#29 D:\\Alyson\\Alyson\\Estudo\\scaffold-laravel\\scaffold\\vendor\\symfony\\console\\Application.php(341): Symfony\\Component\\Console\\Application->doRunCommand(Object(Illuminate\\Database\\Console\\Migrations\\MigrateCommand), Object(Symfony\\Component\\Console\\Input\\ArgvInput), Object(Symfony\\Component\\Console\\Output\\ConsoleOutput))
#30 D:\\Alyson\\Alyson\\Estudo\\scaffold-laravel\\scaffold\\vendor\\symfony\\console\\Application.php(192): Symfony\\Component\\Console\\Application->doRun(Object(Symfony\\Component\\Console\\Input\\ArgvInput), Object(Symfony\\Component\\Console\\Output\\ConsoleOutput))
#31 D:\\Alyson\\Alyson\\Estudo\\scaffold-laravel\\scaffold\\vendor\\laravel\\framework\\src\\Illuminate\\Foundation\\Console\\Kernel.php(197): Symfony\\Component\\Console\\Application->run(Object(Symfony\\Component\\Console\\Input\\ArgvInput), Object(Symfony\\Component\\Console\\Output\\ConsoleOutput))
#32 D:\\Alyson\\Alyson\\Estudo\\scaffold-laravel\\scaffold\\vendor\\laravel\\framework\\src\\Illuminate\\Foundation\\Application.php(1234): Illuminate\\Foundation\\Console\\Kernel->handle(Object(Symfony\\Component\\Console\\Input\\ArgvInput), Object(Symfony\\Component\\Console\\Output\\ConsoleOutput))
#33 D:\\Alyson\\Alyson\\Estudo\\scaffold-laravel\\scaffold\\artisan(16): Illuminate\\Foundation\\Application->handleCommand(Object(Symfony\\Component\\Console\\Input\\ArgvInput))
#34 {main}
"} 
[2025-08-13 20:07:09] testing.ERROR: Cannot declare class Database\Factories\PetShopPetFactory, because the name is already in use {"exception":"[object] (Symfony\\Component\\ErrorHandler\\Error\\FatalError(code: 0): Cannot declare class Database\\Factories\\PetShopPetFactory, because the name is already in use at D:\\Alyson\\Alyson\\Estudo\\scaffold-laravel\\scaffold\\database\\factories\\Petshop\\PetShopPetFactory.php:12)
[stacktrace]
#0 {main}
"} 
[2025-08-13 20:07:09] testing.ERROR: Cannot declare class Database\Factories\PetShopPetFactory, because the name is already in use {"exception":"[object] (Symfony\\Component\\ErrorHandler\\Error\\FatalError(code: 0): Cannot declare class Database\\Factories\\PetShopPetFactory, because the name is already in use at D:\\Alyson\\Alyson\\Estudo\\scaffold-laravel\\scaffold\\database\\factories\\Petshop\\PetShopPetFactory.php:12)
[stacktrace]
#0 {main}
"} 
[2025-08-13 20:07:09] testing.ERROR: Cannot declare class Database\Factories\PetShopPetFactory, because the name is already in use {"exception":"[object] (Symfony\\Component\\ErrorHandler\\Error\\FatalError(code: 0): Cannot declare class Database\\Factories\\PetShopPetFactory, because the name is already in use at D:\\Alyson\\Alyson\\Estudo\\scaffold-laravel\\scaffold\\database\\factories\\Petshop\\PetShopPetFactory.php:12)
[stacktrace]
#0 {main}
"} 
[2025-08-13 20:07:09] testing.ERROR: Cannot declare class Database\Factories\PetShopPetFactory, because the name is already in use {"exception":"[object] (Symfony\\Component\\ErrorHandler\\Error\\FatalError(code: 0): Cannot declare class Database\\Factories\\PetShopPetFactory, because the name is already in use at D:\\Alyson\\Alyson\\Estudo\\scaffold-laravel\\scaffold\\database\\factories\\Petshop\\PetShopPetFactory.php:12)
[stacktrace]
#0 {main}
"} 
[2025-08-13 20:07:09] testing.ERROR: Cannot declare class Database\Factories\PetShopPetFactory, because the name is already in use {"exception":"[object] (Symfony\\Component\\ErrorHandler\\Error\\FatalError(code: 0): Cannot declare class Database\\Factories\\PetShopPetFactory, because the name is already in use at D:\\Alyson\\Alyson\\Estudo\\scaffold-laravel\\scaffold\\database\\factories\\Petshop\\PetShopPetFactory.php:12)
[stacktrace]
#0 {main}
"} 
[2025-08-13 20:07:09] testing.ERROR: Cannot declare class Database\Factories\PetShopPetFactory, because the name is already in use {"exception":"[object] (Symfony\\Component\\ErrorHandler\\Error\\FatalError(code: 0): Cannot declare class Database\\Factories\\PetShopPetFactory, because the name is already in use at D:\\Alyson\\Alyson\\Estudo\\scaffold-laravel\\scaffold\\database\\factories\\Petshop\\PetShopPetFactory.php:12)
[stacktrace]
#0 {main}
"} 
[2025-08-13 20:07:09] testing.ERROR: Cannot declare class Database\Factories\PetShopPetFactory, because the name is already in use {"exception":"[object] (Symfony\\Component\\ErrorHandler\\Error\\FatalError(code: 0): Cannot declare class Database\\Factories\\PetShopPetFactory, because the name is already in use at D:\\Alyson\\Alyson\\Estudo\\scaffold-laravel\\scaffold\\database\\factories\\Petshop\\PetShopPetFactory.php:12)
[stacktrace]
#0 {main}
"} 
[2025-08-13 20:07:09] testing.ERROR: Cannot declare class Database\Factories\PetShopPetFactory, because the name is already in use {"exception":"[object] (Symfony\\Component\\ErrorHandler\\Error\\FatalError(code: 0): Cannot declare class Database\\Factories\\PetShopPetFactory, because the name is already in use at D:\\Alyson\\Alyson\\Estudo\\scaffold-laravel\\scaffold\\database\\factories\\Petshop\\PetShopPetFactory.php:12)
[stacktrace]
#0 {main}
"} 
[2025-08-13 20:13:06] testing.ERROR: Cannot declare class Database\Factories\PetShopPetFactory, because the name is already in use {"exception":"[object] (Symfony\\Component\\ErrorHandler\\Error\\FatalError(code: 0): Cannot declare class Database\\Factories\\PetShopPetFactory, because the name is already in use at D:\\Alyson\\Alyson\\Estudo\\scaffold-laravel\\scaffold\\database\\factories\\Petshop\\PetShopPetFactory.php:12)
[stacktrace]
#0 {main}
"} 
[2025-08-13 20:13:06] testing.ERROR: Cannot declare class Database\Factories\PetShopPetFactory, because the name is already in use {"exception":"[object] (Symfony\\Component\\ErrorHandler\\Error\\FatalError(code: 0): Cannot declare class Database\\Factories\\PetShopPetFactory, because the name is already in use at D:\\Alyson\\Alyson\\Estudo\\scaffold-laravel\\scaffold\\database\\factories\\Petshop\\PetShopPetFactory.php:12)
[stacktrace]
#0 {main}
"} 
[2025-08-13 20:13:06] testing.ERROR: Cannot declare class Database\Factories\PetShopPetFactory, because the name is already in use {"exception":"[object] (Symfony\\Component\\ErrorHandler\\Error\\FatalError(code: 0): Cannot declare class Database\\Factories\\PetShopPetFactory, because the name is already in use at D:\\Alyson\\Alyson\\Estudo\\scaffold-laravel\\scaffold\\database\\factories\\Petshop\\PetShopPetFactory.php:12)
[stacktrace]
#0 {main}
"} 
[2025-08-13 20:13:06] testing.ERROR: Cannot declare class Database\Factories\PetShopPetFactory, because the name is already in use {"exception":"[object] (Symfony\\Component\\ErrorHandler\\Error\\FatalError(code: 0): Cannot declare class Database\\Factories\\PetShopPetFactory, because the name is already in use at D:\\Alyson\\Alyson\\Estudo\\scaffold-laravel\\scaffold\\database\\factories\\Petshop\\PetShopPetFactory.php:12)
[stacktrace]
#0 {main}
"} 
[2025-08-13 20:13:06] testing.ERROR: Cannot declare class Database\Factories\PetShopPetFactory, because the name is already in use {"exception":"[object] (Symfony\\Component\\ErrorHandler\\Error\\FatalError(code: 0): Cannot declare class Database\\Factories\\PetShopPetFactory, because the name is already in use at D:\\Alyson\\Alyson\\Estudo\\scaffold-laravel\\scaffold\\database\\factories\\Petshop\\PetShopPetFactory.php:12)
[stacktrace]
#0 {main}
"} 
[2025-08-13 20:13:06] testing.ERROR: Cannot declare class Database\Factories\PetShopPetFactory, because the name is already in use {"exception":"[object] (Symfony\\Component\\ErrorHandler\\Error\\FatalError(code: 0): Cannot declare class Database\\Factories\\PetShopPetFactory, because the name is already in use at D:\\Alyson\\Alyson\\Estudo\\scaffold-laravel\\scaffold\\database\\factories\\Petshop\\PetShopPetFactory.php:12)
[stacktrace]
#0 {main}
"} 
[2025-08-13 20:13:06] testing.ERROR: Cannot declare class Database\Factories\PetShopPetFactory, because the name is already in use {"exception":"[object] (Symfony\\Component\\ErrorHandler\\Error\\FatalError(code: 0): Cannot declare class Database\\Factories\\PetShopPetFactory, because the name is already in use at D:\\Alyson\\Alyson\\Estudo\\scaffold-laravel\\scaffold\\database\\factories\\Petshop\\PetShopPetFactory.php:12)
[stacktrace]
#0 {main}
"} 
[2025-08-13 20:13:06] testing.ERROR: Cannot declare class Database\Factories\PetShopPetFactory, because the name is already in use {"exception":"[object] (Symfony\\Component\\ErrorHandler\\Error\\FatalError(code: 0): Cannot declare class Database\\Factories\\PetShopPetFactory, because the name is already in use at D:\\Alyson\\Alyson\\Estudo\\scaffold-laravel\\scaffold\\database\\factories\\Petshop\\PetShopPetFactory.php:12)
[stacktrace]
#0 {main}
"} 
[2025-08-13 20:14:06] testing.ERROR: Cannot declare class Database\Factories\PetShopPetFactory, because the name is already in use {"exception":"[object] (Symfony\\Component\\ErrorHandler\\Error\\FatalError(code: 0): Cannot declare class Database\\Factories\\PetShopPetFactory, because the name is already in use at D:\\Alyson\\Alyson\\Estudo\\scaffold-laravel\\scaffold\\database\\factories\\Petshop\\PetShopPetFactory.php:12)
[stacktrace]
#0 {main}
"} 
[2025-08-13 20:14:06] testing.ERROR: Cannot declare class Database\Factories\PetShopPetFactory, because the name is already in use {"exception":"[object] (Symfony\\Component\\ErrorHandler\\Error\\FatalError(code: 0): Cannot declare class Database\\Factories\\PetShopPetFactory, because the name is already in use at D:\\Alyson\\Alyson\\Estudo\\scaffold-laravel\\scaffold\\database\\factories\\Petshop\\PetShopPetFactory.php:12)
[stacktrace]
#0 {main}
"} 
[2025-08-13 20:14:06] testing.ERROR: Cannot declare class Database\Factories\PetShopPetFactory, because the name is already in use {"exception":"[object] (Symfony\\Component\\ErrorHandler\\Error\\FatalError(code: 0): Cannot declare class Database\\Factories\\PetShopPetFactory, because the name is already in use at D:\\Alyson\\Alyson\\Estudo\\scaffold-laravel\\scaffold\\database\\factories\\Petshop\\PetShopPetFactory.php:12)
[stacktrace]
#0 {main}
"} 
[2025-08-13 20:14:06] testing.ERROR: Cannot declare class Database\Factories\PetShopPetFactory, because the name is already in use {"exception":"[object] (Symfony\\Component\\ErrorHandler\\Error\\FatalError(code: 0): Cannot declare class Database\\Factories\\PetShopPetFactory, because the name is already in use at D:\\Alyson\\Alyson\\Estudo\\scaffold-laravel\\scaffold\\database\\factories\\Petshop\\PetShopPetFactory.php:12)
[stacktrace]
#0 {main}
"} 
[2025-08-13 20:14:06] testing.ERROR: Cannot declare class Database\Factories\PetShopPetFactory, because the name is already in use {"exception":"[object] (Symfony\\Component\\ErrorHandler\\Error\\FatalError(code: 0): Cannot declare class Database\\Factories\\PetShopPetFactory, because the name is already in use at D:\\Alyson\\Alyson\\Estudo\\scaffold-laravel\\scaffold\\database\\factories\\Petshop\\PetShopPetFactory.php:12)
[stacktrace]
#0 {main}
"} 
[2025-08-13 20:14:06] testing.ERROR: Cannot declare class Database\Factories\PetShopPetFactory, because the name is already in use {"exception":"[object] (Symfony\\Component\\ErrorHandler\\Error\\FatalError(code: 0): Cannot declare class Database\\Factories\\PetShopPetFactory, because the name is already in use at D:\\Alyson\\Alyson\\Estudo\\scaffold-laravel\\scaffold\\database\\factories\\Petshop\\PetShopPetFactory.php:12)
[stacktrace]
#0 {main}
"} 
[2025-08-13 20:14:06] testing.ERROR: Cannot declare class Database\Factories\PetShopPetFactory, because the name is already in use {"exception":"[object] (Symfony\\Component\\ErrorHandler\\Error\\FatalError(code: 0): Cannot declare class Database\\Factories\\PetShopPetFactory, because the name is already in use at D:\\Alyson\\Alyson\\Estudo\\scaffold-laravel\\scaffold\\database\\factories\\Petshop\\PetShopPetFactory.php:12)
[stacktrace]
#0 {main}
"} 
[2025-08-13 20:14:06] testing.ERROR: Cannot declare class Database\Factories\PetShopPetFactory, because the name is already in use {"exception":"[object] (Symfony\\Component\\ErrorHandler\\Error\\FatalError(code: 0): Cannot declare class Database\\Factories\\PetShopPetFactory, because the name is already in use at D:\\Alyson\\Alyson\\Estudo\\scaffold-laravel\\scaffold\\database\\factories\\Petshop\\PetShopPetFactory.php:12)
[stacktrace]
#0 {main}
"} 
